Starting process: Module

Starting process: 

SCUBA, Version Diamond (64-bit) 3.11.1.441
Mon Dec 16 12:30:58 2019

Copyright (c) 1991-1994 by NeoCAD Inc. All rights reserved.
Copyright (c) 1995 AT&T Corp.   All rights reserved.
Copyright (c) 1995-2001 Lucent Technologies Inc.  All rights reserved.
Copyright (c) 2001 Agere Systems   All rights reserved.
Copyright (c) 2002-2019 Lattice Semiconductor Corporation,  All rights reserved.

BEGIN SCUBA Module Synthesis

    Issued command   : C:\lscc\diamond\3.11_x64\ispfpga\bin\nt64\scuba.exe -w -n Memory_SDR -lang verilog -synth lse -bus_exp 7 -bb -arch xo3c00f -type iol -mode in -io_type LVCMOS33 -width 16 -freq_in 166 -clk sclk -aligned -del -1 -gear 0 
    Circuit name     : Memory_SDR
    Module type      : iol
    Module Version   : 5.8
    Ports            : 
	Inputs       : clk, reset, datain[15:0]
	Outputs      : sclk, q[15:0]
    I/O buffer       : not inserted
    EDIF output      : Memory_SDR.edn
    Verilog output   : Memory_SDR.v
    Verilog template : Memory_SDR_tmpl.v
    Verilog purpose  : for synthesis and simulation
    Bus notation     : big endian
    Report output    : Memory_SDR.srp
    Estimated Resource Usage:

END   SCUBA Module Synthesis

File: Memory_SDR.lpc created.


End process: completed successfully.


Total Warnings:  0

Total Errors:  0


